<?xml version="1.0" encoding="UTF-8"?>
<!-- Generated by org.testng.reporters.JUnitXMLReporter -->
<testsuite ignored="1" hostname="BDC6-LX-FHF6NV2" failures="0" tests="1" name="Pre-Requisite" time="0.12" errors="0" timestamp="2020-09-04T11:08:32 IST">
  <testcase classname="airbus.ReportFactory" name="ReportProcess" time="0.02"/>
  <testcase classname="airbus.ReportFactory" name="DelExistingRep" time="0.0">
    <ignored/>
  </testcase> <!-- DelExistingRep -->
</testsuite> <!-- Pre-Requisite -->
